<?xml version="1.0" encoding="UTF-8"?>
<!-- Generated by org.testng.reporters.JUnitXMLReporter -->
<testsuite ignored="0" hostname="DESKTOP-SL4FKN7" failures="0" tests="8" name="Surefire test" time="55.638" errors="0" timestamp="2023-05-17T18:13:54 EET">
  <testcase classname="com.qacart.todo.testcases.UserTest" name="shouldBeAbleToRegister" time="43.635"/>
  <testcase classname="com.qacart.todo.testcases.UserTest" name="shouldNotBeAbleToRegisterWithTheSameEmail" time="44.182"/>
  <testcase classname="com.qacart.todo.testcases.UserTest" name="shouldNotBeAbleToLogin" time="44.481"/>
  <testcase classname="com.qacart.todo.testcases.UserTest" name="shouldBeAbleToLogin" time="47.95"/>
  <testcase classname="com.qacart.todo.testcases.TodoTest" name="shouldNotBeAddTask" time="53.021"/>
  <testcase classname="com.qacart.todo.testcases.TodoTest" name="shouldBeAddTask" time="54.364"/>
  <testcase classname="com.qacart.todo.testcases.TodoTest" name="shouldBeDeleteTaskByID" time="54.903"/>
  <testcase classname="com.qacart.todo.testcases.TodoTest" name="shouldBeGetTaskByID" time="55.093"/>
</testsuite> <!-- Surefire test -->
